{"level":"info","message":"Request log","timestamp":"2020-04-12T20:58:27.937Z","method":"POST","url":"/users","queryParams":{},"body":{"name":123,"login":"string","password":"string"},"service":"user-service"}
{"level":"info","message":"Request log","timestamp":"2020-04-12T20:59:17.423Z","method":"POST","url":"/boards","queryParams":{},"body":{"title":"Autotest board","columns":[{"title":"Backlog","order":1},{"title":"Sprint","order":2}]},"service":"user-service"}
{"level":"info","message":"Request log","timestamp":"2020-04-12T20:59:17.437Z","method":"GET","url":"/users","queryParams":{},"body":{},"service":"user-service"}
{"level":"info","message":"Request log","timestamp":"2020-04-12T20:59:17.443Z","method":"GET","url":"/boards","queryParams":{},"body":{},"service":"user-service"}
{"level":"info","message":"Request log","timestamp":"2020-04-12T20:59:17.454Z","method":"POST","url":"/users","queryParams":{},"body":{"name":"TEST_USER","login":"test_user","password":"T35t_P@55w0rd"},"service":"user-service"}
{"level":"info","message":"Request log","timestamp":"2020-04-12T20:59:17.455Z","method":"GET","url":"/boards","queryParams":{},"body":{},"service":"user-service"}
{"level":"info","message":"Request log","timestamp":"2020-04-12T20:59:17.457Z","method":"POST","url":"/boards","queryParams":{},"body":{"title":"Autotest board","columns":[{"title":"Backlog","order":1},{"title":"Sprint","order":2}]},"service":"user-service"}
{"level":"info","message":"Request log","timestamp":"2020-04-12T20:59:17.458Z","method":"GET","url":"/users/222117e2-bf03-45cc-976d-9bd6102f2426","queryParams":{},"body":{},"service":"user-service"}
{"level":"info","message":"Request log","timestamp":"2020-04-12T20:59:17.460Z","method":"GET","url":"/boards/512202ee-a332-4481-adf7-5f805f39859c","queryParams":{},"body":{},"service":"user-service"}
{"level":"info","message":"Request log","timestamp":"2020-04-12T20:59:17.461Z","method":"DELETE","url":"/users/222117e2-bf03-45cc-976d-9bd6102f2426","queryParams":{},"body":{},"service":"user-service"}
{"level":"info","message":"Request log","timestamp":"2020-04-12T20:59:17.464Z","method":"POST","url":"/boards","queryParams":{},"body":{"title":"Autotest board","columns":[{"title":"Backlog","order":1},{"title":"Sprint","order":2}]},"service":"user-service"}
{"level":"info","message":"Request log","timestamp":"2020-04-12T20:59:17.466Z","method":"POST","url":"/users","queryParams":{},"body":{"name":"TEST_USER","login":"test_user","password":"T35t_P@55w0rd"},"service":"user-service"}
{"level":"info","message":"Request log","timestamp":"2020-04-12T20:59:17.472Z","method":"DELETE","url":"/boards/dc3e95ef-343c-47d3-a73a-633c226d1cc1","queryParams":{},"body":{},"service":"user-service"}
{"level":"info","message":"Request log","timestamp":"2020-04-12T20:59:17.474Z","method":"POST","url":"/boards","queryParams":{},"body":{"title":"Autotest board","columns":[{"title":"Backlog","order":1},{"title":"Sprint","order":2}]},"service":"user-service"}
{"level":"info","message":"Request log","timestamp":"2020-04-12T20:59:17.476Z","method":"DELETE","url":"/users/59aad2bf-4e22-4043-88e1-3c85d47390b6","queryParams":{},"body":{},"service":"user-service"}
{"level":"info","message":"Request log","timestamp":"2020-04-12T20:59:17.477Z","method":"PUT","url":"/boards/3a17ea08-c020-4144-9dc7-4d1be8001568","queryParams":{},"body":{"id":"3a17ea08-c020-4144-9dc7-4d1be8001568","title":"Autotest updated board","columns":[{"id":"36b2c6ad-681e-4ae7-a060-332c30b13e35","title":"Backlog","order":1},{"id":"994b8025-4cb4-4df1-a649-ec7d59d54663","title":"Sprint","order":2}]},"service":"user-service"}
{"level":"info","message":"Request log","timestamp":"2020-04-12T20:59:17.479Z","method":"POST","url":"/boards/202b9714-9296-407b-9610-ee697531a3f7/tasks","queryParams":{},"body":{"title":"Autotest task","order":0,"description":"Lorem ipsum","userId":null,"boardId":null,"columnId":null},"service":"user-service"}
{"level":"info","message":"Request log","timestamp":"2020-04-12T20:59:17.482Z","method":"POST","url":"/users","queryParams":{},"body":{"name":"TEST_USER","login":"test_user","password":"T35t_P@55w0rd"},"service":"user-service"}
{"level":"info","message":"Request log","timestamp":"2020-04-12T20:59:17.483Z","method":"GET","url":"/boards/3a17ea08-c020-4144-9dc7-4d1be8001568","queryParams":{},"body":{},"service":"user-service"}
{"level":"info","message":"Request log","timestamp":"2020-04-12T20:59:17.485Z","method":"PUT","url":"/users/f9ded853-983a-4998-b448-16daed058bf0","queryParams":{},"body":{"name":"Autotest updated TEST_USER","login":"test_user","password":"T35t_P@55w0rd","id":"f9ded853-983a-4998-b448-16daed058bf0"},"service":"user-service"}
{"level":"info","message":"Request log","timestamp":"2020-04-12T20:59:17.486Z","method":"GET","url":"/boards/202b9714-9296-407b-9610-ee697531a3f7/tasks","queryParams":{},"body":{},"service":"user-service"}
{"level":"info","message":"Request log","timestamp":"2020-04-12T20:59:17.487Z","method":"DELETE","url":"/boards/3a17ea08-c020-4144-9dc7-4d1be8001568","queryParams":{},"body":{},"service":"user-service"}
{"level":"info","message":"Request log","timestamp":"2020-04-12T20:59:17.488Z","method":"GET","url":"/users/f9ded853-983a-4998-b448-16daed058bf0","queryParams":{},"body":{},"service":"user-service"}
{"level":"info","message":"Request log","timestamp":"2020-04-12T20:59:17.489Z","method":"GET","url":"/boards","queryParams":{},"body":{},"service":"user-service"}
{"level":"info","message":"Request log","timestamp":"2020-04-12T20:59:17.491Z","method":"DELETE","url":"/users/f9ded853-983a-4998-b448-16daed058bf0","queryParams":{},"body":{},"service":"user-service"}
{"level":"info","message":"Request log","timestamp":"2020-04-12T20:59:17.493Z","method":"DELETE","url":"/boards/512202ee-a332-4481-adf7-5f805f39859c","queryParams":{},"body":{},"service":"user-service"}
{"level":"info","message":"Request log","timestamp":"2020-04-12T20:59:17.495Z","method":"GET","url":"/boards/202b9714-9296-407b-9610-ee697531a3f7/tasks","queryParams":{},"body":{},"service":"user-service"}
{"level":"info","message":"Request log","timestamp":"2020-04-12T20:59:17.496Z","method":"POST","url":"/users","queryParams":{},"body":{"name":"TEST_USER","login":"test_user","password":"T35t_P@55w0rd"},"service":"user-service"}
{"level":"info","message":"Request log","timestamp":"2020-04-12T20:59:17.498Z","method":"GET","url":"/boards/512202ee-a332-4481-adf7-5f805f39859c","queryParams":{},"body":{},"service":"user-service"}
{"level":"info","message":"Request log","timestamp":"2020-04-12T20:59:17.504Z","method":"GET","url":"/boards/202b9714-9296-407b-9610-ee697531a3f7/tasks/9fd5971f-e34e-4c33-833f-1628bbdcf427","queryParams":{},"body":{},"service":"user-service"}
{"level":"info","message":"Request log","timestamp":"2020-04-12T20:59:17.505Z","method":"DELETE","url":"/users/160aadcd-4c3e-486f-ac73-46241136eea9","queryParams":{},"body":{},"service":"user-service"}
{"level":"info","message":"Request log","timestamp":"2020-04-12T20:59:17.507Z","method":"POST","url":"/boards","queryParams":{},"body":{"title":"Autotest board","columns":[{"title":"Backlog","order":1},{"title":"Sprint","order":2}]},"service":"user-service"}
{"level":"info","message":"Request log","timestamp":"2020-04-12T20:59:17.508Z","method":"POST","url":"/users","queryParams":{},"body":{"name":"TEST_USER","login":"test_user","password":"T35t_P@55w0rd"},"service":"user-service"}
{"level":"info","message":"Request log","timestamp":"2020-04-12T20:59:17.509Z","method":"POST","url":"/boards/202b9714-9296-407b-9610-ee697531a3f7/tasks","queryParams":{},"body":{"title":"Autotest task","order":0,"description":"Lorem ipsum","userId":null,"boardId":null,"columnId":null},"service":"user-service"}
{"level":"info","message":"Request log","timestamp":"2020-04-12T20:59:17.511Z","method":"POST","url":"/boards/c9ea2758-1bc6-4af3-a2b3-88e8be75fa4f/tasks","queryParams":{},"body":{"title":"Task #1","order":1,"description":"Lorem ipsum","boardId":"c9ea2758-1bc6-4af3-a2b3-88e8be75fa4f","userId":null,"columnId":null},"service":"user-service"}
{"level":"info","message":"Request log","timestamp":"2020-04-12T20:59:17.513Z","method":"POST","url":"/boards/c9ea2758-1bc6-4af3-a2b3-88e8be75fa4f/tasks","queryParams":{},"body":{"title":"Task #2","order":2,"description":"Lorem ipsum","boardId":"c9ea2758-1bc6-4af3-a2b3-88e8be75fa4f","userId":null,"columnId":null},"service":"user-service"}
{"level":"info","message":"Request log","timestamp":"2020-04-12T20:59:17.514Z","method":"POST","url":"/boards/c9ea2758-1bc6-4af3-a2b3-88e8be75fa4f/tasks","queryParams":{},"body":{"title":"Task #3","order":3,"description":"Lorem ipsum","boardId":"c9ea2758-1bc6-4af3-a2b3-88e8be75fa4f","userId":null,"columnId":null},"service":"user-service"}
{"level":"info","message":"Request log","timestamp":"2020-04-12T20:59:17.514Z","method":"POST","url":"/boards/c9ea2758-1bc6-4af3-a2b3-88e8be75fa4f/tasks","queryParams":{},"body":{"title":"Task #4","order":4,"description":"Lorem ipsum","boardId":"c9ea2758-1bc6-4af3-a2b3-88e8be75fa4f","userId":null,"columnId":null},"service":"user-service"}
{"level":"info","message":"Request log","timestamp":"2020-04-12T20:59:17.515Z","method":"POST","url":"/boards/c9ea2758-1bc6-4af3-a2b3-88e8be75fa4f/tasks","queryParams":{},"body":{"title":"Task #5","order":5,"description":"Lorem ipsum","boardId":"c9ea2758-1bc6-4af3-a2b3-88e8be75fa4f","userId":null,"columnId":null},"service":"user-service"}
{"level":"info","message":"Request log","timestamp":"2020-04-12T20:59:17.516Z","method":"POST","url":"/boards","queryParams":{},"body":{"title":"Autotest board","columns":[{"title":"Backlog","order":1},{"title":"Sprint","order":2}]},"service":"user-service"}
{"level":"info","message":"Request log","timestamp":"2020-04-12T20:59:17.517Z","method":"DELETE","url":"/boards/202b9714-9296-407b-9610-ee697531a3f7/tasks/28f9eed5-7e93-4db9-a946-61b022c9fd16","queryParams":{},"body":{},"service":"user-service"}
{"level":"info","message":"Request log","timestamp":"2020-04-12T20:59:17.520Z","method":"GET","url":"/boards/c9ea2758-1bc6-4af3-a2b3-88e8be75fa4f/tasks/1dc2aed9-1e5a-42d8-abe3-d2f1c113445a","queryParams":{},"body":{},"service":"user-service"}
{"level":"info","message":"Request log","timestamp":"2020-04-12T20:59:17.521Z","method":"GET","url":"/boards/c9ea2758-1bc6-4af3-a2b3-88e8be75fa4f/tasks/dd8ee80d-88bc-4c3a-ab3c-9c07c9d42208","queryParams":{},"body":{},"service":"user-service"}
{"level":"info","message":"Request log","timestamp":"2020-04-12T20:59:17.521Z","method":"GET","url":"/boards/c9ea2758-1bc6-4af3-a2b3-88e8be75fa4f/tasks/e7179c11-942e-41c8-b175-bf50ea4b1bf3","queryParams":{},"body":{},"service":"user-service"}
{"level":"info","message":"Request log","timestamp":"2020-04-12T20:59:17.523Z","method":"GET","url":"/boards/c9ea2758-1bc6-4af3-a2b3-88e8be75fa4f/tasks/09dbdfff-5476-44ef-bb8c-7976c6359e58","queryParams":{},"body":{},"service":"user-service"}
{"level":"info","message":"Request log","timestamp":"2020-04-12T20:59:17.523Z","method":"GET","url":"/boards/c9ea2758-1bc6-4af3-a2b3-88e8be75fa4f/tasks/823399b1-9406-43fe-98d6-1743eda02abc","queryParams":{},"body":{},"service":"user-service"}
{"level":"info","message":"Request log","timestamp":"2020-04-12T20:59:17.524Z","method":"POST","url":"/boards/32306b2c-8cae-4f79-958e-dbcccbf889cf/tasks","queryParams":{},"body":{"title":"Task #2","order":2,"description":"Lorem ipsum","userId":"749cde8a-892e-4538-a568-a0d060e3133b","boardId":"32306b2c-8cae-4f79-958e-dbcccbf889cf"},"service":"user-service"}
{"level":"info","message":"Request log","timestamp":"2020-04-12T20:59:17.525Z","method":"POST","url":"/boards/32306b2c-8cae-4f79-958e-dbcccbf889cf/tasks","queryParams":{},"body":{"title":"Task #1","order":1,"description":"Lorem ipsum","userId":"749cde8a-892e-4538-a568-a0d060e3133b","boardId":"32306b2c-8cae-4f79-958e-dbcccbf889cf"},"service":"user-service"}
{"level":"info","message":"Request log","timestamp":"2020-04-12T20:59:17.527Z","method":"POST","url":"/boards/202b9714-9296-407b-9610-ee697531a3f7/tasks","queryParams":{},"body":{"title":"Autotest task","order":0,"description":"Lorem ipsum","userId":null,"boardId":null,"columnId":null},"service":"user-service"}
{"level":"info","message":"Request log","timestamp":"2020-04-12T20:59:17.527Z","method":"DELETE","url":"/boards/c9ea2758-1bc6-4af3-a2b3-88e8be75fa4f","queryParams":{},"body":{},"service":"user-service"}
{"level":"info","message":"Request log","timestamp":"2020-04-12T20:59:17.528Z","method":"DELETE","url":"/users/749cde8a-892e-4538-a568-a0d060e3133b","queryParams":{},"body":{},"service":"user-service"}
{"level":"info","message":"Request log","timestamp":"2020-04-12T20:59:17.530Z","method":"PUT","url":"/boards/202b9714-9296-407b-9610-ee697531a3f7/tasks/ab08eae3-348d-45a5-8c67-04c5e4a339bc","queryParams":{},"body":{"id":"ab08eae3-348d-45a5-8c67-04c5e4a339bc","title":"Autotest updated task","order":0,"description":"Lorem ipsum","userId":null,"boardId":"202b9714-9296-407b-9610-ee697531a3f7","columnId":null},"service":"user-service"}
{"level":"info","message":"Request log","timestamp":"2020-04-12T20:59:17.533Z","method":"GET","url":"/boards/c9ea2758-1bc6-4af3-a2b3-88e8be75fa4f/tasks/1dc2aed9-1e5a-42d8-abe3-d2f1c113445a","queryParams":{},"body":{},"service":"user-service"}
{"level":"info","message":"Request log","timestamp":"2020-04-12T20:59:17.536Z","method":"GET","url":"/boards/c9ea2758-1bc6-4af3-a2b3-88e8be75fa4f/tasks/dd8ee80d-88bc-4c3a-ab3c-9c07c9d42208","queryParams":{},"body":{},"service":"user-service"}
{"level":"info","message":"Request log","timestamp":"2020-04-12T20:59:17.537Z","method":"GET","url":"/boards/c9ea2758-1bc6-4af3-a2b3-88e8be75fa4f/tasks/e7179c11-942e-41c8-b175-bf50ea4b1bf3","queryParams":{},"body":{},"service":"user-service"}
{"level":"info","message":"Request log","timestamp":"2020-04-12T20:59:17.538Z","method":"GET","url":"/boards/c9ea2758-1bc6-4af3-a2b3-88e8be75fa4f/tasks/09dbdfff-5476-44ef-bb8c-7976c6359e58","queryParams":{},"body":{},"service":"user-service"}
{"level":"info","message":"Request log","timestamp":"2020-04-12T20:59:17.539Z","method":"GET","url":"/boards/c9ea2758-1bc6-4af3-a2b3-88e8be75fa4f/tasks/823399b1-9406-43fe-98d6-1743eda02abc","queryParams":{},"body":{},"service":"user-service"}
{"level":"info","message":"Request log","timestamp":"2020-04-12T20:59:17.539Z","method":"GET","url":"/boards/32306b2c-8cae-4f79-958e-dbcccbf889cf/tasks/dd5f343a-4951-4cbb-84f4-b09ca231931e","queryParams":{},"body":{},"service":"user-service"}
{"level":"info","message":"Request log","timestamp":"2020-04-12T20:59:17.541Z","method":"GET","url":"/boards/202b9714-9296-407b-9610-ee697531a3f7/tasks/ab08eae3-348d-45a5-8c67-04c5e4a339bc","queryParams":{},"body":{},"service":"user-service"}
{"level":"info","message":"Request log","timestamp":"2020-04-12T20:59:17.542Z","method":"GET","url":"/boards/32306b2c-8cae-4f79-958e-dbcccbf889cf/tasks/e44e5d02-9e14-4adf-8ce3-d3923b54e2dd","queryParams":{},"body":{},"service":"user-service"}
{"level":"info","message":"Request log","timestamp":"2020-04-12T20:59:17.543Z","method":"GET","url":"/boards/202b9714-9296-407b-9610-ee697531a3f7/tasks/9fd5971f-e34e-4c33-833f-1628bbdcf427","queryParams":{},"body":{},"service":"user-service"}
{"level":"info","message":"Request log","timestamp":"2020-04-12T20:59:17.544Z","method":"DELETE","url":"/boards/32306b2c-8cae-4f79-958e-dbcccbf889cf/tasks/dd5f343a-4951-4cbb-84f4-b09ca231931e","queryParams":{},"body":{},"service":"user-service"}
{"level":"info","message":"Request log","timestamp":"2020-04-12T20:59:17.545Z","method":"DELETE","url":"/boards/32306b2c-8cae-4f79-958e-dbcccbf889cf/tasks/e44e5d02-9e14-4adf-8ce3-d3923b54e2dd","queryParams":{},"body":{},"service":"user-service"}
{"level":"info","message":"Request log","timestamp":"2020-04-12T20:59:17.546Z","method":"DELETE","url":"/boards/202b9714-9296-407b-9610-ee697531a3f7/tasks/9fd5971f-e34e-4c33-833f-1628bbdcf427","queryParams":{},"body":{},"service":"user-service"}
{"level":"info","message":"Request log","timestamp":"2020-04-12T20:59:17.547Z","method":"DELETE","url":"/boards/32306b2c-8cae-4f79-958e-dbcccbf889cf","queryParams":{},"body":{},"service":"user-service"}
{"level":"info","message":"Request log","timestamp":"2020-04-12T20:59:17.548Z","method":"GET","url":"/boards/202b9714-9296-407b-9610-ee697531a3f7/tasks/9fd5971f-e34e-4c33-833f-1628bbdcf427","queryParams":{},"body":{},"service":"user-service"}
{"level":"info","message":"Request log","timestamp":"2020-04-12T20:59:17.550Z","method":"DELETE","url":"/boards/202b9714-9296-407b-9610-ee697531a3f7","queryParams":{},"body":{},"service":"user-service"}
